INFO: [VRFC 10-2263] Analyzing Verilog file "U:/Downloads/ECE437/lab3/Lab_3.sim/sim_1/impl/timing/xsim/lab3_example_time_impl.v" into library xil_defaultlib
INFO: [VRFC 10-311] analyzing module IOBUF_UNIQ_BASE_
INFO: [VRFC 10-311] analyzing module IOBUF_HD48
INFO: [VRFC 10-311] analyzing module IOBUF_HD49
INFO: [VRFC 10-311] analyzing module IOBUF_HD50
INFO: [VRFC 10-311] analyzing module IOBUF_HD51
INFO: [VRFC 10-311] analyzing module IOBUF_HD52
INFO: [VRFC 10-311] analyzing module IOBUF_HD53
INFO: [VRFC 10-311] analyzing module IOBUF_HD54
INFO: [VRFC 10-311] analyzing module IOBUF_HD55
INFO: [VRFC 10-311] analyzing module IOBUF_HD56
INFO: [VRFC 10-311] analyzing module IOBUF_HD57
INFO: [VRFC 10-311] analyzing module IOBUF_HD58
INFO: [VRFC 10-311] analyzing module IOBUF_HD59
INFO: [VRFC 10-311] analyzing module IOBUF_HD60
INFO: [VRFC 10-311] analyzing module IOBUF_HD61
INFO: [VRFC 10-311] analyzing module IOBUF_HD62
INFO: [VRFC 10-311] analyzing module IOBUF_HD63
INFO: [VRFC 10-311] analyzing module IOBUF_HD64
INFO: [VRFC 10-311] analyzing module IOBUF_HD65
INFO: [VRFC 10-311] analyzing module IOBUF_HD66
INFO: [VRFC 10-311] analyzing module IOBUF_HD67
INFO: [VRFC 10-311] analyzing module IOBUF_HD68
INFO: [VRFC 10-311] analyzing module IOBUF_HD69
INFO: [VRFC 10-311] analyzing module IOBUF_HD70
INFO: [VRFC 10-311] analyzing module IOBUF_HD71
INFO: [VRFC 10-311] analyzing module IOBUF_HD72
INFO: [VRFC 10-311] analyzing module IOBUF_HD73
INFO: [VRFC 10-311] analyzing module IOBUF_HD74
INFO: [VRFC 10-311] analyzing module IOBUF_HD75
INFO: [VRFC 10-311] analyzing module IOBUF_HD76
INFO: [VRFC 10-311] analyzing module IOBUF_HD77
INFO: [VRFC 10-311] analyzing module IOBUF_HD78
INFO: [VRFC 10-311] analyzing module IOBUF_HD79
INFO: [VRFC 10-311] analyzing module lab3_example
INFO: [VRFC 10-311] analyzing module okHost
INFO: [VRFC 10-311] analyzing module okWireOR
INFO: [VRFC 10-311] analyzing module LUT6_2_UNIQ_BASE_
INFO: [VRFC 10-311] analyzing module LUT6_2_HD1
INFO: [VRFC 10-311] analyzing module LUT6_2_HD10
INFO: [VRFC 10-311] analyzing module LUT6_2_HD11
INFO: [VRFC 10-311] analyzing module LUT6_2_HD12
INFO: [VRFC 10-311] analyzing module LUT6_2_HD13
INFO: [VRFC 10-311] analyzing module LUT6_2_HD14
INFO: [VRFC 10-311] analyzing module LUT6_2_HD16
INFO: [VRFC 10-311] analyzing module LUT6_2_HD18
INFO: [VRFC 10-311] analyzing module LUT6_2_HD19
INFO: [VRFC 10-311] analyzing module LUT6_2_HD2
INFO: [VRFC 10-311] analyzing module LUT6_2_HD20
INFO: [VRFC 10-311] analyzing module LUT6_2_HD21
INFO: [VRFC 10-311] analyzing module LUT6_2_HD23
INFO: [VRFC 10-311] analyzing module LUT6_2_HD25
INFO: [VRFC 10-311] analyzing module LUT6_2_HD26
INFO: [VRFC 10-311] analyzing module LUT6_2_HD27
INFO: [VRFC 10-311] analyzing module LUT6_2_HD28
INFO: [VRFC 10-311] analyzing module LUT6_2_HD3
INFO: [VRFC 10-311] analyzing module LUT6_2_HD30
INFO: [VRFC 10-311] analyzing module LUT6_2_HD32
INFO: [VRFC 10-311] analyzing module LUT6_2_HD33
INFO: [VRFC 10-311] analyzing module LUT6_2_HD34
INFO: [VRFC 10-311] analyzing module LUT6_2_HD35
INFO: [VRFC 10-311] analyzing module LUT6_2_HD37
INFO: [VRFC 10-311] analyzing module LUT6_2_HD38
INFO: [VRFC 10-311] analyzing module LUT6_2_HD39
INFO: [VRFC 10-311] analyzing module LUT6_2_HD4
INFO: [VRFC 10-311] analyzing module LUT6_2_HD40
INFO: [VRFC 10-311] analyzing module LUT6_2_HD41
INFO: [VRFC 10-311] analyzing module LUT6_2_HD42
INFO: [VRFC 10-311] analyzing module LUT6_2_HD45
INFO: [VRFC 10-311] analyzing module LUT6_2_HD47
INFO: [VRFC 10-311] analyzing module LUT6_2_HD5
INFO: [VRFC 10-311] analyzing module LUT6_2_HD6
INFO: [VRFC 10-311] analyzing module LUT6_2_HD7
INFO: [VRFC 10-311] analyzing module LUT6_2_HD8
INFO: [VRFC 10-311] analyzing module LUT6_2_HD9
INFO: [VRFC 10-311] analyzing module RAM128X1S_UNIQ_BASE_
INFO: [VRFC 10-311] analyzing module RAM128X1S_HD15
INFO: [VRFC 10-311] analyzing module RAM128X1S_HD17
INFO: [VRFC 10-311] analyzing module RAM128X1S_HD22
INFO: [VRFC 10-311] analyzing module RAM128X1S_HD24
INFO: [VRFC 10-311] analyzing module RAM128X1S_HD29
INFO: [VRFC 10-311] analyzing module RAM128X1S_HD31
INFO: [VRFC 10-311] analyzing module RAM128X1S_HD36
INFO: [VRFC 10-311] analyzing module RAM32M_UNIQ_BASE_
INFO: [VRFC 10-311] analyzing module RAM32M_HD43
INFO: [VRFC 10-311] analyzing module RAM32M_HD44
INFO: [VRFC 10-311] analyzing module RAM32M_HD46
INFO: [VRFC 10-311] analyzing module fifo_generator_v13_2_5
INFO: [VRFC 10-311] analyzing module okCore
INFO: [VRFC 10-311] analyzing module okCoreHarness
INFO: [VRFC 10-311] analyzing module okWireIn
INFO: [VRFC 10-311] analyzing module okWireIn__1
INFO: [VRFC 10-311] analyzing module okWireOut
INFO: [VRFC 10-311] analyzing module okWireOut__1
INFO: [VRFC 10-311] analyzing module ok_tfifo
INFO: [VRFC 10-311] analyzing module glbl
